<?xml version="1.0" encoding="UTF-8"?>
<robot generator="Robot 7.0.1 (Python 3.12.5 on win32)" generated="2024-08-31T20:38:51.356247" rpa="false" schemaversion="5">
<suite id="s1" name="Ticketbox" source="c:\Estudos\ProjetoRobot\tests\Ticketbox.robot">
<test id="s1-t1" name="Caso de testes 01: Prencher Formulario" line="8">
<kw name="Abrir navegador" owner="resource" type="SETUP">
<kw name="Open Browser" owner="SeleniumLibrary">
<msg time="2024-08-31T20:38:51.633676" level="INFO">Opening browser 'chrome' to base url 'https://ticket-box.s3.eu-central-1.amazonaws.com/index.html'.</msg>
<arg>${URL}</arg>
<arg>${BROWSER}</arg>
<doc>Opens a new browser instance to the optional ``url``.</doc>
<status status="PASS" start="2024-08-31T20:38:51.632680" elapsed="3.474293"/>
</kw>
<status status="PASS" start="2024-08-31T20:38:51.631680" elapsed="3.475293"/>
</kw>
<kw name="Dado que eu estou na pagina inicial do Formulário" owner="FormulárioTicketBoxSteps">
<kw name="Title Should Be" owner="SeleniumLibrary">
<msg time="2024-08-31T20:38:55.116979" level="INFO">Page title is 'Ticketbox'.</msg>
<arg>${ticketboxnome}</arg>
<doc>Verifies that the current page title equals ``title``.</doc>
<status status="PASS" start="2024-08-31T20:38:55.107972" elapsed="0.010001"/>
</kw>
<status status="PASS" start="2024-08-31T20:38:55.107972" elapsed="0.010001"/>
</kw>
<kw name=" E preencho o campo first name" owner="FormulárioTicketBoxSteps">
<kw name="Input Text" owner="SeleniumLibrary">
<msg time="2024-08-31T20:38:55.119972" level="INFO">Typing text ''Leandro'' into text field 'xpath=//input[@id='first-name']'.</msg>
<arg>${Campo_first_name}</arg>
<arg>'Leandro'</arg>
<doc>Types the given ``text`` into the text field identified by ``locator``.</doc>
<status status="PASS" start="2024-08-31T20:38:55.118973" elapsed="0.141737"/>
</kw>
<status status="PASS" start="2024-08-31T20:38:55.118973" elapsed="0.142740"/>
</kw>
<kw name=" E preencho o campo last name" owner="FormulárioTicketBoxSteps">
<kw name="Input Text" owner="SeleniumLibrary">
<msg time="2024-08-31T20:38:55.262710" level="INFO">Typing text ''Luiz Mazzuchello'' into text field 'xpath=//input[@id='last-name']'.</msg>
<arg>${Campo_last_name}</arg>
<arg>'Luiz Mazzuchello'</arg>
<doc>Types the given ``text`` into the text field identified by ``locator``.</doc>
<status status="PASS" start="2024-08-31T20:38:55.261713" elapsed="0.151303"/>
</kw>
<status status="PASS" start="2024-08-31T20:38:55.261713" elapsed="0.151303"/>
</kw>
<kw name="E preencho o email" owner="FormulárioTicketBoxSteps">
<kw name="Input Text" owner="SeleniumLibrary">
<msg time="2024-08-31T20:38:55.415016" level="INFO">Typing text ''agc@gmail.com'' into text field 'xpath=//input[@id='email']'.</msg>
<arg>${Campo_email}</arg>
<arg>'agc@gmail.com'</arg>
<doc>Types the given ``text`` into the text field identified by ``locator``.</doc>
<status status="PASS" start="2024-08-31T20:38:55.414013" elapsed="0.163563"/>
</kw>
<status status="PASS" start="2024-08-31T20:38:55.414013" elapsed="0.163563"/>
</kw>
<kw name=" E seleciono a quantidade de tickets" owner="FormulárioTicketBoxSteps">
<kw name="Select From List By Index" owner="SeleniumLibrary">
<msg time="2024-08-31T20:38:55.579206" level="INFO">Selecting options from selection list 'xpath=//*[@id='ticket-quantity']' by index 2.</msg>
<arg>${Select_Qtd_ticket}</arg>
<arg>2</arg>
<doc>Selects options from selection list ``locator`` by ``indexes``.</doc>
<status status="PASS" start="2024-08-31T20:38:55.578697" elapsed="0.091691"/>
</kw>
<status status="PASS" start="2024-08-31T20:38:55.577576" elapsed="0.093814"/>
</kw>
<kw name="E selecione a opção Vip no tipo de ticket" owner="FormulárioTicketBoxSteps">
<kw name="Click Element" owner="SeleniumLibrary">
<msg time="2024-08-31T20:38:55.672389" level="INFO">Clicking element 'xpath=//*[@id='vip']'.</msg>
<arg>${Radio_vip}</arg>
<doc>Click the element identified by ``locator``.</doc>
<status status="PASS" start="2024-08-31T20:38:55.672389" elapsed="0.046527"/>
</kw>
<status status="PASS" start="2024-08-31T20:38:55.671390" elapsed="0.047526"/>
</kw>
<kw name="Fechar navegador" owner="resource" type="TEARDOWN">
<kw name="Close Browser" owner="SeleniumLibrary">
<doc>Closes the current browser.</doc>
<status status="PASS" start="2024-08-31T20:38:55.719911" elapsed="2.184896"/>
</kw>
<status status="PASS" start="2024-08-31T20:38:55.719911" elapsed="2.185784"/>
</kw>
<tag>Formulario</tag>
<status status="PASS" start="2024-08-31T20:38:51.630678" elapsed="6.275772"/>
</test>
<status status="PASS" start="2024-08-31T20:38:51.361248" elapsed="6.547267"/>
</suite>
<statistics>
<total>
<stat pass="1" fail="0" skip="0">All Tests</stat>
</total>
<tag>
<stat pass="1" fail="0" skip="0">Formulario</stat>
</tag>
<suite>
<stat pass="1" fail="0" skip="0" id="s1" name="Ticketbox">Ticketbox</stat>
</suite>
</statistics>
<errors>
<msg time="2024-08-31T20:38:51.628615" level="WARN">Imported resource file 'c:\Estudos\ProjetoRobot\resources\steps\generic.robot' is empty.</msg>
</errors>
</robot>
