<?xml version="1.0" encoding="UTF-8"?>
<robot generator="Robot 7.0.1 (Python 3.12.5 on win32)" generated="2024-08-31T02:15:29.540942" rpa="false" schemaversion="5">
<suite id="s1" name="Tests" source="C:\Estudos\ProjetoRobot\tests">
<suite id="s1-s1" name="Ticketbox" source="C:\Estudos\ProjetoRobot\tests\Ticketbox.robot">
<test id="s1-s1-t1" name="Caso de testes 01: Prencher Formulario" line="8">
<kw name="Abrir navegador" owner="resource" type="SETUP">
<kw name="Open Browser" owner="SeleniumLibrary">
<msg time="2024-08-31T02:15:29.779119" level="INFO">Opening browser 'chrome' to base url 'https://ticket-box.s3.eu-central-1.amazonaws.com/index.html'.</msg>
<arg>${URL}</arg>
<arg>${BROWSER}</arg>
<doc>Opens a new browser instance to the optional ``url``.</doc>
<status status="PASS" start="2024-08-31T02:15:29.778073" elapsed="3.130475"/>
</kw>
<status status="PASS" start="2024-08-31T02:15:29.778073" elapsed="3.130475"/>
</kw>
<kw name="Dado que eu estou na pagina inicial do Formulário" owner="FormulárioTicketBoxSteps">
<kw name="Title Should Be" owner="SeleniumLibrary">
<msg time="2024-08-31T02:15:32.917578" level="INFO">Page title is 'Ticketbox'.</msg>
<arg>${ticketboxnome}</arg>
<doc>Verifies that the current page title equals ``title``.</doc>
<status status="PASS" start="2024-08-31T02:15:32.910544" elapsed="0.007034"/>
</kw>
<status status="PASS" start="2024-08-31T02:15:32.909542" elapsed="0.008036"/>
</kw>
<kw name="Fechar navegador" owner="resource" type="TEARDOWN">
<kw name="Close Browser" owner="SeleniumLibrary">
<doc>Closes the current browser.</doc>
<status status="PASS" start="2024-08-31T02:15:32.918543" elapsed="2.178863"/>
</kw>
<status status="PASS" start="2024-08-31T02:15:32.918543" elapsed="2.178863"/>
</kw>
<tag>Formulario</tag>
<status status="PASS" start="2024-08-31T02:15:29.777068" elapsed="5.321181"/>
</test>
<status status="PASS" start="2024-08-31T02:15:29.575387" elapsed="5.525762"/>
</suite>
<status status="PASS" start="2024-08-31T02:15:29.542929" elapsed="5.560220"/>
</suite>
<statistics>
<total>
<stat pass="1" fail="0" skip="0">All Tests</stat>
</total>
<tag>
<stat pass="1" fail="0" skip="0">Formulario</stat>
</tag>
<suite>
<stat pass="1" fail="0" skip="0" id="s1" name="Tests">Tests</stat>
<stat pass="1" fail="0" skip="0" id="s1-s1" name="Ticketbox">Tests.Ticketbox</stat>
</suite>
</statistics>
<errors>
<msg time="2024-08-31T02:15:29.775478" level="WARN">Imported resource file 'C:\Estudos\ProjetoRobot\resources\steps\generic.robot' is empty.</msg>
</errors>
</robot>
