<?xml version="1.0" encoding="UTF-8"?>
<robot generator="Robot 7.0.1 (Python 3.12.5 on win32)" generated="2024-11-02T05:55:56.286426" rpa="false" schemaversion="5">
<suite id="s1" name="Tests" source="C:\Estudos\ProjetoRobot\tests">
<suite id="s1-s1" name="Ticketbox" source="C:\Estudos\ProjetoRobot\tests\Ticketbox.robot">
<test id="s1-s1-t1" name="Caso de testes 01: Prencher Formulario completo" line="8">
<kw name="Abrir navegador" owner="resource" type="SETUP">
<kw name="Open Browser" owner="SeleniumLibrary">
<msg time="2024-11-02T05:55:56.526591" level="INFO">Opening browser 'chrome' to base url 'https://ticket-box.s3.eu-central-1.amazonaws.com/index.html'.</msg>
<arg>${URL}</arg>
<arg>${BROWSER}</arg>
<doc>Opens a new browser instance to the optional ``url``.</doc>
<status status="PASS" start="2024-11-02T05:55:56.525557" elapsed="3.120237"/>
</kw>
<status status="PASS" start="2024-11-02T05:55:56.525557" elapsed="3.120237"/>
</kw>
<kw name="Dado que eu estou na pagina inicial do Formulário" owner="FormulárioTicketBoxSteps">
<kw name="Title Should Be" owner="SeleniumLibrary">
<msg time="2024-11-02T05:55:59.654795" level="INFO">Page title is 'Ticketbox'.</msg>
<arg>${ticketboxnome}</arg>
<doc>Verifies that the current page title equals ``title``.</doc>
<status status="PASS" start="2024-11-02T05:55:59.647794" elapsed="0.007001"/>
</kw>
<status status="PASS" start="2024-11-02T05:55:59.646792" elapsed="0.008003"/>
</kw>
<kw name="E preencho o campo first name" owner="FormulárioTicketBoxSteps">
<kw name="Input Text" owner="SeleniumLibrary">
<msg time="2024-11-02T05:55:59.656306" level="INFO">Typing text ''Leandro'' into text field 'xpath=//input[@id='first-name']'.</msg>
<arg>${Campo_first_name}</arg>
<arg>'Leandro'</arg>
<doc>Types the given ``text`` into the text field identified by ``locator``.</doc>
<status status="PASS" start="2024-11-02T05:55:59.656306" elapsed="0.150363"/>
</kw>
<status status="PASS" start="2024-11-02T05:55:59.654795" elapsed="0.151874"/>
</kw>
<kw name="E preencho o campo last name" owner="FormulárioTicketBoxSteps">
<kw name="Input Text" owner="SeleniumLibrary">
<msg time="2024-11-02T05:55:59.807668" level="INFO">Typing text ''Luiz Mazzuchello'' into text field 'xpath=//input[@id='last-name']'.</msg>
<arg>${Campo_last_name}</arg>
<arg>'Luiz Mazzuchello'</arg>
<doc>Types the given ``text`` into the text field identified by ``locator``.</doc>
<status status="PASS" start="2024-11-02T05:55:59.807668" elapsed="0.226628"/>
</kw>
<status status="PASS" start="2024-11-02T05:55:59.806669" elapsed="0.227627"/>
</kw>
<kw name="E preencho o email" owner="FormulárioTicketBoxSteps">
<kw name="Input Text" owner="SeleniumLibrary">
<msg time="2024-11-02T05:56:00.035295" level="INFO">Typing text ''agc@gmail.com'' into text field 'xpath=//input[@id='email']'.</msg>
<arg>${Campo_email}</arg>
<arg>'agc@gmail.com'</arg>
<doc>Types the given ``text`` into the text field identified by ``locator``.</doc>
<status status="PASS" start="2024-11-02T05:56:00.035295" elapsed="0.125508"/>
</kw>
<status status="PASS" start="2024-11-02T05:56:00.035295" elapsed="0.125508"/>
</kw>
<kw name="E seleciono a quantidade de tickets" owner="FormulárioTicketBoxSteps">
<kw name="Select From List By Index" owner="SeleniumLibrary">
<msg time="2024-11-02T05:56:00.161805" level="INFO">Selecting options from selection list 'xpath=//*[@id='ticket-quantity']' by index 2.</msg>
<arg>${Select_Qtd_ticket}</arg>
<arg>2</arg>
<doc>Selects options from selection list ``locator`` by ``indexes``.</doc>
<status status="PASS" start="2024-11-02T05:56:00.161805" elapsed="0.097109"/>
</kw>
<status status="PASS" start="2024-11-02T05:56:00.161805" elapsed="0.097109"/>
</kw>
<kw name="E selecione a opção Vip no tipo de ticket" owner="FormulárioTicketBoxSteps">
<kw name="Click Element" owner="SeleniumLibrary">
<msg time="2024-11-02T05:56:00.260911" level="INFO">Clicking element 'xpath=//*[@id='vip']'.</msg>
<arg>${Radio_vip}</arg>
<doc>Click the element identified by ``locator``.</doc>
<status status="PASS" start="2024-11-02T05:56:00.259918" elapsed="0.052202"/>
</kw>
<status status="PASS" start="2024-11-02T05:56:00.259918" elapsed="0.052202"/>
</kw>
<kw name="E seleciono a opção friend" owner="FormulárioTicketBoxSteps">
<kw name="Click Element" owner="SeleniumLibrary">
<msg time="2024-11-02T05:56:00.313119" level="INFO">Clicking element 'xpath=//*[@id='friend']'.</msg>
<arg>${checkbox_friend}</arg>
<doc>Click the element identified by ``locator``.</doc>
<status status="PASS" start="2024-11-02T05:56:00.312120" elapsed="0.046101"/>
</kw>
<status status="PASS" start="2024-11-02T05:56:00.312120" elapsed="0.046101"/>
</kw>
<kw name="E preencho a requisição" owner="FormulárioTicketBoxSteps">
<kw name="Input Text" owner="SeleniumLibrary">
<msg time="2024-11-02T05:56:00.359219" level="INFO">Typing text '"teste QA "' into text field 'xpath=//*[@id='requests']'.</msg>
<arg>${Campo_request}</arg>
<arg>"teste QA "</arg>
<doc>Types the given ``text`` into the text field identified by ``locator``.</doc>
<status status="PASS" start="2024-11-02T05:56:00.359219" elapsed="0.114214"/>
</kw>
<status status="PASS" start="2024-11-02T05:56:00.358221" elapsed="0.115212"/>
</kw>
<kw name="Fechar navegador" owner="resource" type="TEARDOWN">
<kw name="Close Browser" owner="SeleniumLibrary">
<doc>Closes the current browser.</doc>
<status status="PASS" start="2024-11-02T05:56:00.474433" elapsed="2.197444"/>
</kw>
<status status="PASS" start="2024-11-02T05:56:00.474433" elapsed="2.197444"/>
</kw>
<tag>Formulario</tag>
<status status="PASS" start="2024-11-02T05:55:56.524556" elapsed="6.148324"/>
</test>
<status status="PASS" start="2024-11-02T05:55:56.321427" elapsed="6.355462"/>
</suite>
<status status="PASS" start="2024-11-02T05:55:56.288427" elapsed="6.393462"/>
</suite>
<statistics>
<total>
<stat pass="1" fail="0" skip="0">All Tests</stat>
</total>
<tag>
<stat pass="1" fail="0" skip="0">Formulario</stat>
</tag>
<suite>
<stat pass="1" fail="0" skip="0" id="s1" name="Tests">Tests</stat>
<stat pass="1" fail="0" skip="0" id="s1-s1" name="Ticketbox">Tests.Ticketbox</stat>
</suite>
</statistics>
<errors>
<msg time="2024-11-02T05:55:56.522513" level="WARN">Imported resource file 'C:\Estudos\ProjetoRobot\resources\steps\generic.robot' is empty.</msg>
</errors>
</robot>
